<?xml version="1.0" encoding="UTF-8"?>
<testng-results ignored="0" total="10" passed="10" failed="0" skipped="0">
  <reporter-output>
  </reporter-output>
  <suite started-at="2021-11-22T11:19:47 IST" name="Suite" finished-at="2021-11-22T11:23:19 IST" duration-ms="211995">
    <groups>
    </groups>
    <test started-at="2021-11-22T11:19:47 IST" name="Signinpage" finished-at="2021-11-22T11:20:09 IST" duration-ms="22862">
      <class name="pageobject.SigninPage">
        <test-method is-config="true" signature="initialise()[pri:0, instance:pageobject.SigninPage@194fad1]" started-at="2021-11-22T11:19:47 IST" name="initialise" finished-at="2021-11-22T11:19:50 IST" duration-ms="3393" status="PASS">
          <reporter-output>
          </reporter-output>
        </test-method> <!-- initialise -->
        <test-method signature="SigninPage()[pri:0, instance:pageobject.SigninPage@194fad1]" started-at="2021-11-22T11:19:50 IST" name="SigninPage" finished-at="2021-11-22T11:20:09 IST" duration-ms="18612" status="PASS">
          <reporter-output>
          </reporter-output>
        </test-method> <!-- SigninPage -->
        <test-method is-config="true" signature="close()[pri:0, instance:pageobject.SigninPage@194fad1]" started-at="2021-11-22T11:20:09 IST" name="close" finished-at="2021-11-22T11:20:09 IST" duration-ms="121" status="PASS">
          <reporter-output>
          </reporter-output>
        </test-method> <!-- close -->
      </class> <!-- pageobject.SigninPage -->
    </test> <!-- Signinpage -->
    <test started-at="2021-11-22T11:20:10 IST" name="CartHandling" finished-at="2021-11-22T11:20:50 IST" duration-ms="40001">
      <class name="pageobject.CartHandling">
        <test-method is-config="true" signature="initialise()[pri:0, instance:pageobject.CartHandling@4dc27487]" started-at="2021-11-22T11:20:10 IST" name="initialise" finished-at="2021-11-22T11:20:11 IST" duration-ms="1850" status="PASS">
          <reporter-output>
          </reporter-output>
        </test-method> <!-- initialise -->
        <test-method signature="CartHandling()[pri:0, instance:pageobject.CartHandling@4dc27487]" started-at="2021-11-22T11:20:11 IST" name="CartHandling" finished-at="2021-11-22T11:20:49 IST" duration-ms="37206" status="PASS">
          <reporter-output>
          </reporter-output>
        </test-method> <!-- CartHandling -->
        <test-method is-config="true" signature="close()[pri:0, instance:pageobject.CartHandling@4dc27487]" started-at="2021-11-22T11:20:49 IST" name="close" finished-at="2021-11-22T11:20:50 IST" duration-ms="94" status="PASS">
          <reporter-output>
          </reporter-output>
        </test-method> <!-- close -->
      </class> <!-- pageobject.CartHandling -->
    </test> <!-- CartHandling -->
    <test started-at="2021-11-22T11:20:50 IST" name="CorporateGifts" finished-at="2021-11-22T11:21:05 IST" duration-ms="15706">
      <class name="pageobject.CorporateGifts">
        <test-method is-config="true" signature="initialise()[pri:0, instance:pageobject.CorporateGifts@7dfb0c0f]" started-at="2021-11-22T11:20:50 IST" name="initialise" finished-at="2021-11-22T11:20:52 IST" duration-ms="1976" status="PASS">
          <reporter-output>
          </reporter-output>
        </test-method> <!-- initialise -->
        <test-method signature="CorporateGifts()[pri:0, instance:pageobject.CorporateGifts@7dfb0c0f]" started-at="2021-11-22T11:20:52 IST" name="CorporateGifts" finished-at="2021-11-22T11:21:04 IST" duration-ms="12713" status="PASS">
          <reporter-output>
          </reporter-output>
        </test-method> <!-- CorporateGifts -->
        <test-method is-config="true" signature="close()[pri:0, instance:pageobject.CorporateGifts@7dfb0c0f]" started-at="2021-11-22T11:21:05 IST" name="close" finished-at="2021-11-22T11:21:05 IST" duration-ms="671" status="PASS">
          <reporter-output>
          </reporter-output>
        </test-method> <!-- close -->
      </class> <!-- pageobject.CorporateGifts -->
    </test> <!-- CorporateGifts -->
    <test started-at="2021-11-22T11:21:05 IST" name="Gifts" finished-at="2021-11-22T11:21:18 IST" duration-ms="12793">
      <class name="pageobject.Gifts">
        <test-method is-config="true" signature="initialise()[pri:0, instance:pageobject.Gifts@2d0399f4]" started-at="2021-11-22T11:21:05 IST" name="initialise" finished-at="2021-11-22T11:21:07 IST" duration-ms="1612" status="PASS">
          <reporter-output>
          </reporter-output>
        </test-method> <!-- initialise -->
        <test-method signature="Gifts()[pri:0, instance:pageobject.Gifts@2d0399f4]" started-at="2021-11-22T11:21:07 IST" name="Gifts" finished-at="2021-11-22T11:21:16 IST" duration-ms="9615" status="PASS">
          <reporter-output>
          </reporter-output>
        </test-method> <!-- Gifts -->
        <test-method is-config="true" signature="close()[pri:0, instance:pageobject.Gifts@2d0399f4]" started-at="2021-11-22T11:21:17 IST" name="close" finished-at="2021-11-22T11:21:18 IST" duration-ms="696" status="PASS">
          <reporter-output>
          </reporter-output>
        </test-method> <!-- close -->
      </class> <!-- pageobject.Gifts -->
    </test> <!-- Gifts -->
    <test started-at="2021-11-22T11:21:18 IST" name="HomeLifeStyle" finished-at="2021-11-22T11:21:47 IST" duration-ms="28673">
      <class name="pageobject.HomeandLifeStyle">
        <test-method is-config="true" signature="initialise()[pri:0, instance:pageobject.HomeandLifeStyle@2f953efd]" started-at="2021-11-22T11:21:18 IST" name="initialise" finished-at="2021-11-22T11:21:19 IST" duration-ms="1408" status="PASS">
          <reporter-output>
          </reporter-output>
        </test-method> <!-- initialise -->
        <test-method signature="HomeandLifeStyle()[pri:0, instance:pageobject.HomeandLifeStyle@2f953efd]" started-at="2021-11-22T11:21:19 IST" name="HomeandLifeStyle" finished-at="2021-11-22T11:21:46 IST" duration-ms="26226" status="PASS">
          <reporter-output>
          </reporter-output>
        </test-method> <!-- HomeandLifeStyle -->
        <test-method is-config="true" signature="close()[pri:0, instance:pageobject.HomeandLifeStyle@2f953efd]" started-at="2021-11-22T11:21:47 IST" name="close" finished-at="2021-11-22T11:21:47 IST" duration-ms="162" status="PASS">
          <reporter-output>
          </reporter-output>
        </test-method> <!-- close -->
      </class> <!-- pageobject.HomeandLifeStyle -->
    </test> <!-- HomeLifeStyle -->
    <test started-at="2021-11-22T11:21:47 IST" name="MouseActions" finished-at="2021-11-22T11:22:13 IST" duration-ms="26034">
      <class name="pageobject.MouseActions">
        <test-method is-config="true" signature="initialise()[pri:0, instance:pageobject.MouseActions@41330d4f]" started-at="2021-11-22T11:21:47 IST" name="initialise" finished-at="2021-11-22T11:21:48 IST" duration-ms="1717" status="PASS">
          <reporter-output>
          </reporter-output>
        </test-method> <!-- initialise -->
        <test-method signature="MouseActions()[pri:0, instance:pageobject.MouseActions@41330d4f]" started-at="2021-11-22T11:21:48 IST" name="MouseActions" finished-at="2021-11-22T11:22:11 IST" duration-ms="22539" status="PASS">
          <reporter-output>
          </reporter-output>
        </test-method> <!-- MouseActions -->
        <test-method is-config="true" signature="close()[pri:0, instance:pageobject.MouseActions@41330d4f]" started-at="2021-11-22T11:22:13 IST" name="close" finished-at="2021-11-22T11:22:13 IST" duration-ms="143" status="PASS">
          <reporter-output>
          </reporter-output>
        </test-method> <!-- close -->
      </class> <!-- pageobject.MouseActions -->
    </test> <!-- MouseActions -->
    <test started-at="2021-11-22T11:22:13 IST" name="Top50" finished-at="2021-11-22T11:22:31 IST" duration-ms="17919">
      <class name="pageobject.Top50">
        <test-method is-config="true" signature="initialise()[pri:0, instance:pageobject.Top50@37313c65]" started-at="2021-11-22T11:22:13 IST" name="initialise" finished-at="2021-11-22T11:22:14 IST" duration-ms="1658" status="PASS">
          <reporter-output>
          </reporter-output>
        </test-method> <!-- initialise -->
        <test-method signature="Top50()[pri:0, instance:pageobject.Top50@37313c65]" started-at="2021-11-22T11:22:14 IST" name="Top50" finished-at="2021-11-22T11:22:29 IST" duration-ms="14919" status="PASS">
          <reporter-output>
          </reporter-output>
        </test-method> <!-- Top50 -->
        <test-method is-config="true" signature="close()[pri:0, instance:pageobject.Top50@37313c65]" started-at="2021-11-22T11:22:30 IST" name="close" finished-at="2021-11-22T11:22:31 IST" duration-ms="631" status="PASS">
          <reporter-output>
          </reporter-output>
        </test-method> <!-- close -->
      </class> <!-- pageobject.Top50 -->
    </test> <!-- Top50 -->
    <test started-at="2021-11-22T11:22:31 IST" name="SearchPage" finished-at="2021-11-22T11:22:50 IST" duration-ms="18769">
      <class name="pageobject.SearchPage">
        <test-method is-config="true" signature="initialise()[pri:0, instance:pageobject.SearchPage@6e2aa843]" started-at="2021-11-22T11:22:31 IST" name="initialise" finished-at="2021-11-22T11:22:32 IST" duration-ms="1578" status="PASS">
          <reporter-output>
          </reporter-output>
        </test-method> <!-- initialise -->
        <test-method signature="SearchPage()[pri:0, instance:pageobject.SearchPage@6e2aa843]" started-at="2021-11-22T11:22:32 IST" name="SearchPage" finished-at="2021-11-22T11:22:48 IST" duration-ms="15995" status="PASS">
          <reporter-output>
          </reporter-output>
        </test-method> <!-- SearchPage -->
        <test-method is-config="true" signature="close()[pri:0, instance:pageobject.SearchPage@6e2aa843]" started-at="2021-11-22T11:22:49 IST" name="close" finished-at="2021-11-22T11:22:50 IST" duration-ms="776" status="PASS">
          <reporter-output>
          </reporter-output>
        </test-method> <!-- close -->
      </class> <!-- pageobject.SearchPage -->
    </test> <!-- SearchPage -->
    <test started-at="2021-11-22T11:22:50 IST" name="TrackOrderPage" finished-at="2021-11-22T11:23:00 IST" duration-ms="10606">
      <class name="pageobject.TrackOrderPage">
        <test-method is-config="true" signature="initialise()[pri:0, instance:pageobject.TrackOrderPage@9816741]" started-at="2021-11-22T11:22:50 IST" name="initialise" finished-at="2021-11-22T11:22:51 IST" duration-ms="1394" status="PASS">
          <reporter-output>
          </reporter-output>
        </test-method> <!-- initialise -->
        <test-method signature="TrackOrderPage()[pri:0, instance:pageobject.TrackOrderPage@9816741]" started-at="2021-11-22T11:22:51 IST" name="TrackOrderPage" finished-at="2021-11-22T11:23:00 IST" duration-ms="8779" status="PASS">
          <reporter-output>
          </reporter-output>
        </test-method> <!-- TrackOrderPage -->
        <test-method is-config="true" signature="close()[pri:0, instance:pageobject.TrackOrderPage@9816741]" started-at="2021-11-22T11:23:00 IST" name="close" finished-at="2021-11-22T11:23:00 IST" duration-ms="80" status="PASS">
          <reporter-output>
          </reporter-output>
        </test-method> <!-- close -->
      </class> <!-- pageobject.TrackOrderPage -->
    </test> <!-- TrackOrderPage -->
    <test started-at="2021-11-22T11:23:00 IST" name="Santagifts" finished-at="2021-11-22T11:23:19 IST" duration-ms="18450">
      <class name="pageobject.SantaGifts">
        <test-method is-config="true" signature="initialise()[pri:0, instance:pageobject.SantaGifts@2fb0623e]" started-at="2021-11-22T11:23:00 IST" name="initialise" finished-at="2021-11-22T11:23:02 IST" duration-ms="1473" status="PASS">
          <reporter-output>
          </reporter-output>
        </test-method> <!-- initialise -->
        <test-method signature="SantaGifts()[pri:0, instance:pageobject.SantaGifts@2fb0623e]" started-at="2021-11-22T11:23:02 IST" name="SantaGifts" finished-at="2021-11-22T11:23:14 IST" duration-ms="12611" status="PASS">
          <reporter-output>
          </reporter-output>
        </test-method> <!-- SantaGifts -->
        <test-method is-config="true" signature="close()[pri:0, instance:pageobject.SantaGifts@2fb0623e]" started-at="2021-11-22T11:23:14 IST" name="close" finished-at="2021-11-22T11:23:19 IST" duration-ms="4123" status="PASS">
          <reporter-output>
          </reporter-output>
        </test-method> <!-- close -->
      </class> <!-- pageobject.SantaGifts -->
    </test> <!-- Santagifts -->
  </suite> <!-- Suite -->
</testng-results>
